<?xml version="1.0" encoding="UTF-8"?>
<!-- Generated by org.testng.reporters.JUnitXMLReporter -->
<testsuite ignored="0" hostname="DESKTOP-B8QOEKQ" failures="1" tests="1" name="Surefire test" time="33.142" errors="0" timestamp="2025-12-01T16:38:55 IST">
  <testcase classname="io.cucumber.testng.AbstractTestNGCucumberTests" name="runScenario" time="31.286">
    <failure type="java.lang.AssertionError" message="expected [true] but found [false]">
      <![CDATA[java.lang.AssertionError: expected [true] but found [false]
at com.parabank.steps.LoginSteps.user_can_see_total_balance(LoginSteps.java:53)
at âœ½.user can see total balance(file:///C:/Users/shubh/eclipse-workspace/ParaBank/src/test/resources/features/login.feature:8)
... Removed 4 stack frames]]>
    </failure>
  </testcase> <!-- runScenario -->
</testsuite> <!-- Surefire test -->
