<?xml version="1.0" encoding="UTF-8"?>
<testsuite xmlns:xsi="http://www.w3.org/2001/XMLSchema-instance" xsi:noNamespaceSchemaLocation="https://maven.apache.org/surefire/maven-surefire-plugin/xsd/surefire-test-report.xsd" version="3.0.1" name="com.parabank.tests.RunnerTest" time="34.894" tests="1" errors="0" skipped="0" failures="1">
  <properties>
[...]
</properties>
  <testcase name="runScenario[&quot;Login into para bank with valid credentials&quot;, &quot;Login into Para bank&quot;](1)" classname="com.parabank.tests.RunnerTest" time="31.244">
    <failure message="expected [true] but found [false]" type="java.lang.AssertionError"><![CDATA[java.lang.AssertionError: expected [true] but found [false]
	at org.testng.Assert.fail(Assert.java:111)
	at org.testng.Assert.failNotEquals(Assert.java:1590)
	at org.testng.Assert.assertTrue(Assert.java:57)
	at org.testng.Assert.assertTrue(Assert.java:67)
	at com.parabank.steps.LoginSteps.user_can_see_total_balance(LoginSteps.java:53)
	at ✽.user can see total balance(file:///C:/Users/shubh/eclipse-workspace/ParaBank/src/test/resources/features/login.feature:8)
]]></failure>
    <system-out><![CDATA[
Scenario: Login into para bank with valid credentials # src/test/resources/features/login.feature:3
  Given user is on landing page                       # com.parabank.steps.LoginSteps.user_is_on_landing_page()
  When user enters username                           # com.parabank.steps.LoginSteps.user_enters_username()
  And user enters password                            # com.parabank.steps.LoginSteps.user_enters_password()
  And user clicks on login button                     # com.parabank.steps.LoginSteps.user_clicks_on_login_button()
  Then user can see total balance                     # com.parabank.steps.LoginSteps.user_can_see_total_balance()
      java.lang.AssertionError: expected [true] but found [false]
	at org.testng.Assert.fail(Assert.java:111)
	at org.testng.Assert.failNotEquals(Assert.java:1590)
	at org.testng.Assert.assertTrue(Assert.java:57)
	at org.testng.Assert.assertTrue(Assert.java:67)
	at com.parabank.steps.LoginSteps.user_can_see_total_balance(LoginSteps.java:53)
	at âœ½.user can see total balance(file:///C:/Users/shubh/eclipse-workspace/ParaBank/src/test/resources/features/login.feature:8)

]]></system-out>
    <system-err><![CDATA[SLF4J(W): No SLF4J providers were found.
SLF4J(W): Defaulting to no-operation (NOP) logger implementation
SLF4J(W): See https://www.slf4j.org/codes.html#noProviders for further details.
]]></system-err>
  </testcase>
</testsuite>