<?xml version="1.0" encoding="UTF-8"?>
<!-- Generated by org.testng.reporters.JUnitReportReporter -->
<testsuite hostname="DESKTOP-B8QOEKQ" failures="1" tests="1" name="com.parabank.tests.RunnerTest" time="31.286" errors="0" timestamp="2025-12-01T16:38:56 IST" skipped="0">
  <testcase classname="com.parabank.tests.RunnerTest" name="runScenario" time="31.286">
    <failure message="expected [true] but found [false]" type="java.lang.AssertionError">
      <![CDATA[java.lang.AssertionError: expected [true] but found [false]
at org.testng.Assert.fail(Assert.java:111)
at org.testng.Assert.failNotEquals(Assert.java:1590)
at org.testng.Assert.assertTrue(Assert.java:57)
at org.testng.Assert.assertTrue(Assert.java:67)
at com.parabank.steps.LoginSteps.user_can_see_total_balance(LoginSteps.java:53)
at âœ½.user can see total balance(file:///C:/Users/shubh/eclipse-workspace/ParaBank/src/test/resources/features/login.feature:8)
]]>
    </failure>
  </testcase> <!-- runScenario -->
</testsuite> <!-- com.parabank.tests.RunnerTest -->
